Determining if the pthread_create exist failed with the following output:
Change Dir: /home/pi/SASDIE/MyApsIsticLuaLib/CMakeFiles/CMakeTmp

Run Build Command:"/usr/bin/make" "cmTC_d648e/fast"
/usr/bin/make -f CMakeFiles/cmTC_d648e.dir/build.make CMakeFiles/cmTC_d648e.dir/build
make[1] : on entre dans le répertoire « /home/pi/SASDIE/MyApsIsticLuaLib/CMakeFiles/CMakeTmp »
Building C object CMakeFiles/cmTC_d648e.dir/CheckSymbolExists.c.o
/usr/bin/cc     -o CMakeFiles/cmTC_d648e.dir/CheckSymbolExists.c.o   -c /home/pi/SASDIE/MyApsIsticLuaLib/CMakeFiles/CMakeTmp/CheckSymbolExists.c
Linking C executable cmTC_d648e
/usr/bin/cmake -E cmake_link_script CMakeFiles/cmTC_d648e.dir/link.txt --verbose=1
/usr/bin/cc       CMakeFiles/cmTC_d648e.dir/CheckSymbolExists.c.o  -o cmTC_d648e -rdynamic 
CMakeFiles/cmTC_d648e.dir/CheckSymbolExists.c.o : Dans la fonction « main » :
CheckSymbolExists.c:(.text+0x38) : référence indéfinie vers « pthread_create »
collect2: error: ld returned 1 exit status
CMakeFiles/cmTC_d648e.dir/build.make:97 : la recette pour la cible « cmTC_d648e » a échouée
make[1]: *** [cmTC_d648e] Erreur 1
make[1] : on quitte le répertoire « /home/pi/SASDIE/MyApsIsticLuaLib/CMakeFiles/CMakeTmp »
Makefile:126 : la recette pour la cible « cmTC_d648e/fast » a échouée
make: *** [cmTC_d648e/fast] Erreur 2

File /home/pi/SASDIE/MyApsIsticLuaLib/CMakeFiles/CMakeTmp/CheckSymbolExists.c:
/* */
#include <pthread.h>

int main(int argc, char** argv)
{
  (void)argv;
#ifndef pthread_create
  return ((int*)(&pthread_create))[argc];
#else
  (void)argc;
  return 0;
#endif
}

Determining if the function pthread_create exists in the pthreads failed with the following output:
Change Dir: /home/pi/SASDIE/MyApsIsticLuaLib/CMakeFiles/CMakeTmp

Run Build Command:"/usr/bin/make" "cmTC_4b11d/fast"
/usr/bin/make -f CMakeFiles/cmTC_4b11d.dir/build.make CMakeFiles/cmTC_4b11d.dir/build
make[1] : on entre dans le répertoire « /home/pi/SASDIE/MyApsIsticLuaLib/CMakeFiles/CMakeTmp »
Building C object CMakeFiles/cmTC_4b11d.dir/CheckFunctionExists.c.o
/usr/bin/cc    -DCHECK_FUNCTION_EXISTS=pthread_create   -o CMakeFiles/cmTC_4b11d.dir/CheckFunctionExists.c.o   -c /usr/share/cmake-3.7/Modules/CheckFunctionExists.c
Linking C executable cmTC_4b11d
/usr/bin/cmake -E cmake_link_script CMakeFiles/cmTC_4b11d.dir/link.txt --verbose=1
/usr/bin/cc   -DCHECK_FUNCTION_EXISTS=pthread_create    CMakeFiles/cmTC_4b11d.dir/CheckFunctionExists.c.o  -o cmTC_4b11d -rdynamic -lpthreads 
/usr/bin/ld : ne peut trouver -lpthreads
collect2: error: ld returned 1 exit status
CMakeFiles/cmTC_4b11d.dir/build.make:97 : la recette pour la cible « cmTC_4b11d » a échouée
make[1]: *** [cmTC_4b11d] Erreur 1
make[1] : on quitte le répertoire « /home/pi/SASDIE/MyApsIsticLuaLib/CMakeFiles/CMakeTmp »
Makefile:126 : la recette pour la cible « cmTC_4b11d/fast » a échouée
make: *** [cmTC_4b11d/fast] Erreur 2


